[20:28:34.863][INFO][LogManager] Log level changed {
  "level": "info"
}
[20:29:07.964][INFO][Extension] GECK extension activating...
[20:29:07.971][INFO][Extension] Workspace initialized {
  "workspaceName": "empty",
  "workspacePath": "/Users/nicolecurcis/empty"
}
[20:29:08.003][INFO][Extension] GECK extension activated successfully
[20:33:22.008][ERROR][PersistentTestStore] Failed to read test directory {
  "error": {
    "code": "FileNotFound",
    "name": "EntryNotFound (FileSystemError)"
  }
}
[00:14:48.998][INFO][Extension] GECK extension deactivating...
[00:18:13.251][INFO][LogManager] Log level changed {
  "level": "info"
}
[00:19:42.413][INFO][Extension] GECK extension activating...
[00:19:42.413][INFO][Extension] Workspace initialized {
  "workspaceName": "empty",
  "workspacePath": "/Users/nicolecurcis/empty"
}
[00:19:42.414][INFO][Extension] GECK extension activated successfully
[00:31:37.883][INFO][Extension] GECK extension deactivating...
[00:36:34.810][INFO][LogManager] Log level changed {
  "level": "info"
}
[00:38:05.966][INFO][Extension] GECK extension activating...
[00:38:05.967][INFO][Extension] Workspace initialized {
  "workspaceName": "empty",
  "workspacePath": "/Users/nicolecurcis/empty"
}
[00:38:05.992][INFO][Extension] GECK extension activated successfully
